<?xml version='1.0' encoding='UTF-8'?>
<page>
   <title>Test Search</title>
   <title-id>page.search.title</title-id>
   <description>Test Search view</description>
   <description-id>page.search.description</description-id>
   <template-instance>search</template-instance>
   <authentication>user</authentication>
   <components>

      <!-- Title -->
      <component>
         <region-id>title</region-id>
         <url>/components/title/search-title</url>
      </component>

      <!-- Search -->
      <component>
         <region-id>search</region-id>
         <url>/components/test/search</url>
      </component>

   </components>
</page>